#
# There is insufficient memory for the Java Runtime Environment to continue.
# Native memory allocation (mmap) failed to map 110100480 bytes for G1 virtual space
# Possible reasons:
#   The system is out of physical RAM or swap space
#   The process is running with CompressedOops enabled, and the Java Heap may be blocking the growth of the native heap
# Possible solutions:
#   Reduce memory load on the system
#   Increase physical memory or swap space
#   Check if swap backing store is full
#   Decrease Java heap size (-Xmx/-Xms)
#   Decrease number of Java threads
#   Decrease Java thread stack sizes (-Xss)
#   Set larger code cache with -XX:ReservedCodeCacheSize=
#   JVM is running with Unscaled Compressed Oops mode in which the Java heap is
#     placed in the first 4GB address space. The Java Heap base address is the
#     maximum limit for the native heap growth. Please use -XX:HeapBaseMinAddress
#     to set the Java Heap base and to place the Java Heap above 4GB virtual address.
# This output file may be truncated or incomplete.
#
#  Out of Memory Error (os_windows.cpp:3613), pid=7456, tid=1452
#
# JRE version: OpenJDK Runtime Environment Microsoft-8902769 (17.0.10+7) (build 17.0.10+7-LTS)
# Java VM: OpenJDK 64-Bit Server VM Microsoft-8902769 (17.0.10+7-LTS, mixed mode, sharing, tiered, compressed oops, compressed class ptrs, g1 gc, windows-amd64)
# No core dump will be written. Minidumps are not enabled by default on client versions of Windows
#

---------------  S U M M A R Y ------------

Command Line: -XX:MaxMetaspaceSize=512m --add-opens=java.base/java.util=ALL-UNNAMED --add-opens=java.base/java.lang=ALL-UNNAMED --add-opens=java.base/java.lang.invoke=ALL-UNNAMED --add-opens=java.prefs/java.util.prefs=ALL-UNNAMED --add-opens=java.base/java.nio.charset=ALL-UNNAMED --add-opens=java.base/java.net=ALL-UNNAMED --add-opens=java.base/java.util.concurrent.atomic=ALL-UNNAMED -Xmx2048m -Dfile.encoding=windows-1252 -Duser.country=US -Duser.language=en -Duser.variant -javaagent:C:\Users\Admin\.gradle\wrapper\dists\gradle-8.3-all\6en3ugtfdg5xnpx44z4qbwgas\gradle-8.3\lib\agents\gradle-instrumentation-agent-8.3.jar org.gradle.launcher.daemon.bootstrap.GradleDaemon 8.3

Host: 11th Gen Intel(R) Core(TM) i7-1165G7 @ 2.80GHz, 8 cores, 15G,  Windows 10 , 64 bit Build 19041 (10.0.19041.3636)
Time: Fri Apr 19 18:11:51 2024 Malay Peninsula Standard Time elapsed time: 16.749869 seconds (0d 0h 0m 16s)

---------------  T H R E A D  ---------------

Current thread (0x0000029c5d152f70):  VMThread "VM Thread" [stack: 0x000000f334800000,0x000000f334900000] [id=1452]

Stack: [0x000000f334800000,0x000000f334900000]
Native frames: (J=compiled Java code, j=interpreted, Vv=VM code, C=native code)
V  [jvm.dll+0x67f829]
V  [jvm.dll+0x83750a]
V  [jvm.dll+0x838fce]
V  [jvm.dll+0x839633]
V  [jvm.dll+0x247cbf]
V  [jvm.dll+0x67c669]
V  [jvm.dll+0x6710da]
V  [jvm.dll+0x309b8b]
V  [jvm.dll+0x311036]
V  [jvm.dll+0x360d5e]
V  [jvm.dll+0x360f8f]
V  [jvm.dll+0x2e0798]
V  [jvm.dll+0x2de974]
V  [jvm.dll+0x2ddf7c]
V  [jvm.dll+0x322331]
V  [jvm.dll+0x83db2b]
V  [jvm.dll+0x83e871]
V  [jvm.dll+0x83ed8d]
V  [jvm.dll+0x83f164]
V  [jvm.dll+0x83f230]
V  [jvm.dll+0x7e69da]
V  [jvm.dll+0x67e715]
C  [ucrtbase.dll+0x21bb2]
C  [KERNEL32.DLL+0x17344]
C  [ntdll.dll+0x526b1]

VM_Operation (0x000000f3362eeb50): G1TryInitiateConcMark, mode: safepoint, requested by thread 0x0000029c0020cea0


---------------  P R O C E S S  ---------------

Threads class SMR info:
_java_thread_list=0x0000029c028ecc90, length=89, elements={
0x0000029c3ccecaf0, 0x0000029c5d1571f0, 0x0000029c5d157cc0, 0x0000029c5d16a6d0,
0x0000029c5d16d0b0, 0x0000029c5d16d980, 0x0000029c5d170260, 0x0000029c5d170f10,
0x0000029c5d1718d0, 0x0000029c5d17a5f0, 0x0000029c5d1446d0, 0x0000029c5d443ca0,
0x0000029c7df07370, 0x0000029c7d827320, 0x0000029c7e60bd60, 0x0000029c7de830c0,
0x0000029c7de90ba0, 0x0000029c7dfc5500, 0x0000029c0020cea0, 0x0000029c5dd0e460,
0x0000029c5dd107d0, 0x0000029c5dd0fdb0, 0x0000029c5dd0df50, 0x0000029c5dd10ce0,
0x0000029c5dd0f8a0, 0x0000029c5dd0ee80, 0x0000029c5dd102c0, 0x0000029c5dd0da40,
0x0000029c7ea68a30, 0x0000029c7ea62a00, 0x0000029c7ea68010, 0x0000029c7ea64860,
0x0000029c7ea63420, 0x0000029c7ea68f40, 0x0000029c7ea64d70, 0x0000029c7ea6a380,
0x0000029c7ea63e40, 0x0000029c027caf50, 0x0000029c7ea666c0, 0x0000029c7ea66bd0,
0x0000029c7ea670e0, 0x0000029c7ea68520, 0x0000029c7ea69450, 0x0000029c7ea69960,
0x0000029c7ea69e70, 0x0000029c5dd0e970, 0x0000029c5dd0f390, 0x0000029c023df9f0,
0x0000029c023e1d60, 0x0000029c023e2270, 0x0000029c023e0410, 0x0000029c023e0920,
0x0000029c023e0e30, 0x0000029c023df4e0, 0x0000029c023dff00, 0x0000029c023defd0,
0x0000029c00652df0, 0x0000029c00651ec0, 0x0000029c00653300, 0x0000029c0064fb50,
0x0000029c0064e710, 0x0000029c0064be90, 0x0000029c00650570, 0x0000029c0064c8b0,
0x0000029c00650060, 0x0000029c006519b0, 0x0000029c00650a80, 0x0000029c00653810,
0x0000029c0064d7e0, 0x0000029c0064dcf0, 0x0000029c0064f130, 0x0000029c006523d0,
0x0000029c0064ec20, 0x0000029c00650f90, 0x0000029c0064cdc0, 0x0000029c0064d2d0,
0x0000029c0064f640, 0x0000029c0064e200, 0x0000029c006514a0, 0x0000029c01df9590,
0x0000029c01df6800, 0x0000029c01df6d10, 0x0000029c01df62f0, 0x0000029c01df5de0,
0x0000029c01df8660, 0x0000029c01df8b70, 0x0000029c01df8150, 0x0000029c01df7220,
0x0000029c00da7740
}

Java Threads: ( => current thread )
  0x0000029c3ccecaf0 JavaThread "main" [_thread_blocked, id=11068, stack(0x000000f334200000,0x000000f334300000)]
  0x0000029c5d1571f0 JavaThread "Reference Handler" daemon [_thread_blocked, id=13256, stack(0x000000f334900000,0x000000f334a00000)]
  0x0000029c5d157cc0 JavaThread "Finalizer" daemon [_thread_blocked, id=13252, stack(0x000000f334a00000,0x000000f334b00000)]
  0x0000029c5d16a6d0 JavaThread "Signal Dispatcher" daemon [_thread_blocked, id=13248, stack(0x000000f334b00000,0x000000f334c00000)]
  0x0000029c5d16d0b0 JavaThread "Attach Listener" daemon [_thread_blocked, id=10608, stack(0x000000f334c00000,0x000000f334d00000)]
  0x0000029c5d16d980 JavaThread "Service Thread" daemon [_thread_blocked, id=3128, stack(0x000000f334d00000,0x000000f334e00000)]
  0x0000029c5d170260 JavaThread "Monitor Deflation Thread" daemon [_thread_blocked, id=1712, stack(0x000000f334e00000,0x000000f334f00000)]
  0x0000029c5d170f10 JavaThread "C2 CompilerThread0" daemon [_thread_blocked, id=12668, stack(0x000000f334f00000,0x000000f335000000)]
  0x0000029c5d1718d0 JavaThread "C1 CompilerThread0" daemon [_thread_blocked, id=11996, stack(0x000000f335000000,0x000000f335100000)]
  0x0000029c5d17a5f0 JavaThread "Sweeper thread" daemon [_thread_blocked, id=8916, stack(0x000000f335100000,0x000000f335200000)]
  0x0000029c5d1446d0 JavaThread "Common-Cleaner" daemon [_thread_blocked, id=6216, stack(0x000000f335200000,0x000000f335300000)]
  0x0000029c5d443ca0 JavaThread "Notification Thread" daemon [_thread_blocked, id=10716, stack(0x000000f335300000,0x000000f335400000)]
  0x0000029c7df07370 JavaThread "Daemon health stats" [_thread_blocked, id=10924, stack(0x000000f335c00000,0x000000f335d00000)]
  0x0000029c7d827320 JavaThread "Incoming local TCP Connector on port 50079" [_thread_in_native, id=10520, stack(0x000000f335d00000,0x000000f335e00000)]
  0x0000029c7e60bd60 JavaThread "Daemon periodic checks" [_thread_blocked, id=7608, stack(0x000000f335e00000,0x000000f335f00000)]
  0x0000029c7de830c0 JavaThread "Daemon" [_thread_blocked, id=11352, stack(0x000000f335f00000,0x000000f336000000)]
  0x0000029c7de90ba0 JavaThread "Handler for socket connection from /127.0.0.1:50079 to /127.0.0.1:50080" [_thread_in_native, id=11768, stack(0x000000f336000000,0x000000f336100000)]
  0x0000029c7dfc5500 JavaThread "Cancel handler" [_thread_blocked, id=5360, stack(0x000000f336100000,0x000000f336200000)]
  0x0000029c0020cea0 JavaThread "Daemon worker" [_thread_blocked, id=12312, stack(0x000000f336200000,0x000000f336300000)]
  0x0000029c5dd0e460 JavaThread "Asynchronous log dispatcher for DefaultDaemonConnection: socket connection from /127.0.0.1:50079 to /127.0.0.1:50080" [_thread_blocked, id=2568, stack(0x000000f336300000,0x000000f336400000)]
  0x0000029c5dd107d0 JavaThread "Stdin handler" [_thread_blocked, id=6028, stack(0x000000f336400000,0x000000f336500000)]
  0x0000029c5dd0fdb0 JavaThread "Daemon client event forwarder" [_thread_blocked, id=5948, stack(0x000000f336500000,0x000000f336600000)]
  0x0000029c5dd0df50 JavaThread "Cache worker for journal cache (C:\Users\Admin\.gradle\caches\journal-1)" [_thread_blocked, id=10624, stack(0x000000f336600000,0x000000f336700000)]
  0x0000029c5dd10ce0 JavaThread "File lock request listener" [_thread_in_native, id=12336, stack(0x000000f336700000,0x000000f336800000)]
  0x0000029c5dd0f8a0 JavaThread "Cache worker for file hash cache (C:\Users\Admin\.gradle\caches\8.3\fileHashes)" [_thread_blocked, id=11348, stack(0x000000f336800000,0x000000f336900000)]
  0x0000029c5dd0ee80 JavaThread "File watcher server" daemon [_thread_blocked, id=12316, stack(0x000000f336900000,0x000000f336a00000)]
  0x0000029c5dd102c0 JavaThread "File watcher consumer" daemon [_thread_blocked, id=12304, stack(0x000000f336a00000,0x000000f336b00000)]
  0x0000029c5dd0da40 JavaThread "Cache worker for checksums cache (C:\Users\Admin\Downloads\Sabe-Mobile\android\.gradle\8.3\checksums)" [_thread_blocked, id=12344, stack(0x000000f336b00000,0x000000f336c00000)]
  0x0000029c7ea68a30 JavaThread "Cache worker for file hash cache (C:\Users\Admin\Downloads\Sabe-Mobile\android\.gradle\8.3\fileHashes)" [_thread_blocked, id=12372, stack(0x000000f336c00000,0x000000f336d00000)]
  0x0000029c7ea62a00 JavaThread "Cache worker for cache directory md-supplier (C:\Users\Admin\.gradle\caches\8.3\md-supplier)" [_thread_blocked, id=12320, stack(0x000000f336d00000,0x000000f336e00000)]
  0x0000029c7ea68010 JavaThread "Cache worker for file content cache (C:\Users\Admin\.gradle\caches\8.3\fileContent)" [_thread_blocked, id=9140, stack(0x000000f336e00000,0x000000f336f00000)]
  0x0000029c7ea64860 JavaThread "Cache worker for cache directory md-rule (C:\Users\Admin\.gradle\caches\8.3\md-rule)" [_thread_blocked, id=12376, stack(0x000000f337200000,0x000000f337300000)]
  0x0000029c7ea63420 JavaThread "Cache worker for execution history cache (C:\Users\Admin\.gradle\caches\8.3\executionHistory)" [_thread_blocked, id=12332, stack(0x000000f337300000,0x000000f337400000)]
  0x0000029c7ea68f40 JavaThread "jar transforms" [_thread_blocked, id=12328, stack(0x000000f337400000,0x000000f337500000)]
  0x0000029c7ea64d70 JavaThread "jar transforms Thread 2" [_thread_blocked, id=12324, stack(0x000000f337500000,0x000000f337600000)]
  0x0000029c7ea6a380 JavaThread "jar transforms Thread 3" [_thread_blocked, id=4764, stack(0x000000f337600000,0x000000f337700000)]
  0x0000029c7ea63e40 JavaThread "jar transforms Thread 4" [_thread_blocked, id=2240, stack(0x000000f337700000,0x000000f337800000)]
  0x0000029c027caf50 JavaThread "C2 CompilerThread1" daemon [_thread_blocked, id=7640, stack(0x000000f335500000,0x000000f335600000)]
  0x0000029c7ea666c0 JavaThread "Cache worker for kotlin-dsl (C:\Users\Admin\.gradle\caches\8.3\kotlin-dsl)" [_thread_blocked, id=5072, stack(0x000000f337800000,0x000000f337900000)]
  0x0000029c7ea66bd0 JavaThread "jar transforms Thread 5" [_thread_blocked, id=1076, stack(0x000000f337900000,0x000000f337a00000)]
  0x0000029c7ea670e0 JavaThread "jar transforms Thread 6" [_thread_blocked, id=8740, stack(0x000000f337a00000,0x000000f337b00000)]
  0x0000029c7ea68520 JavaThread "Unconstrained build operations" [_thread_blocked, id=12752, stack(0x000000f337b00000,0x000000f337c00000)]
  0x0000029c7ea69450 JavaThread "Unconstrained build operations Thread 2" [_thread_blocked, id=12820, stack(0x000000f337c00000,0x000000f337d00000)]
  0x0000029c7ea69960 JavaThread "jar transforms Thread 7" [_thread_blocked, id=4116, stack(0x000000f337d00000,0x000000f337e00000)]
  0x0000029c7ea69e70 JavaThread "jar transforms Thread 8" [_thread_blocked, id=11092, stack(0x000000f337e00000,0x000000f337f00000)]
  0x0000029c5dd0e970 JavaThread "Cache worker for dependencies-accessors (C:\Users\Admin\Downloads\Sabe-Mobile\android\.gradle\8.3\dependencies-accessors)" [_thread_blocked, id=12384, stack(0x000000f337f00000,0x000000f338000000)]
  0x0000029c5dd0f390 JavaThread "Cache worker for Build Output Cleanup Cache (C:\Users\Admin\Downloads\Sabe-Mobile\node_modules\@react-native\gradle-plugin\.gradle\buildOutputCleanup)" [_thread_blocked, id=6356, stack(0x000000f338000000,0x000000f338100000)]
  0x0000029c023df9f0 JavaThread "Unconstrained build operations Thread 3" [_thread_blocked, id=2640, stack(0x000000f338100000,0x000000f338200000)]
  0x0000029c023e1d60 JavaThread "Unconstrained build operations Thread 4" [_thread_blocked, id=9636, stack(0x000000f338200000,0x000000f338300000)]
  0x0000029c023e2270 JavaThread "Unconstrained build operations Thread 5" [_thread_blocked, id=12036, stack(0x000000f338300000,0x000000f338400000)]
  0x0000029c023e0410 JavaThread "Unconstrained build operations Thread 6" [_thread_blocked, id=12972, stack(0x000000f338400000,0x000000f338500000)]
  0x0000029c023e0920 JavaThread "Unconstrained build operations Thread 7" [_thread_blocked, id=4632, stack(0x000000f338500000,0x000000f338600000)]
  0x0000029c023e0e30 JavaThread "Unconstrained build operations Thread 8" [_thread_blocked, id=8024, stack(0x000000f338600000,0x000000f338700000)]
  0x0000029c023df4e0 JavaThread "Unconstrained build operations Thread 9" [_thread_blocked, id=12352, stack(0x000000f338700000,0x000000f338800000)]
  0x0000029c023dff00 JavaThread "Memory manager" [_thread_blocked, id=13280, stack(0x000000f338800000,0x000000f338900000)]
  0x0000029c023defd0 JavaThread "Cache worker for Build Output Cleanup Cache (C:\Users\Admin\Downloads\Sabe-Mobile\android\.gradle\buildOutputCleanup)" [_thread_blocked, id=11992, stack(0x000000f335600000,0x000000f335700000)]
  0x0000029c00652df0 JavaThread "ForkJoinPool.commonPool-worker-1" daemon [_thread_blocked, id=6500, stack(0x000000f338a00000,0x000000f338b00000)]
  0x0000029c00651ec0 JavaThread "ForkJoinPool.commonPool-worker-2" daemon [_thread_blocked, id=13024, stack(0x000000f338b00000,0x000000f338c00000)]
  0x0000029c00653300 JavaThread "ForkJoinPool.commonPool-worker-3" daemon [_thread_blocked, id=12960, stack(0x000000f338c00000,0x000000f338d00000)]
  0x0000029c0064fb50 JavaThread "ForkJoinPool.commonPool-worker-4" daemon [_thread_blocked, id=11804, stack(0x000000f338d00000,0x000000f338e00000)]
  0x0000029c0064e710 JavaThread "ForkJoinPool.commonPool-worker-5" daemon [_thread_blocked, id=8256, stack(0x000000f338e00000,0x000000f338f00000)]
  0x0000029c0064be90 JavaThread "ForkJoinPool.commonPool-worker-6" daemon [_thread_blocked, id=12364, stack(0x000000f338f00000,0x000000f339000000)]
  0x0000029c00650570 JavaThread "ForkJoinPool.commonPool-worker-7" daemon [_thread_blocked, id=2424, stack(0x000000f339000000,0x000000f339100000)]
  0x0000029c0064c8b0 JavaThread "included builds" [_thread_blocked, id=12968, stack(0x000000f339100000,0x000000f339200000)]
  0x0000029c00650060 JavaThread "Execution worker" [_thread_blocked, id=468, stack(0x000000f339200000,0x000000f339300000)]
  0x0000029c006519b0 JavaThread "Execution worker Thread 2" [_thread_blocked, id=9760, stack(0x000000f339300000,0x000000f339400000)]
  0x0000029c00650a80 JavaThread "Execution worker Thread 3" [_thread_blocked, id=13268, stack(0x000000f339400000,0x000000f339500000)]
  0x0000029c00653810 JavaThread "Execution worker Thread 4" [_thread_blocked, id=5468, stack(0x000000f339500000,0x000000f339600000)]
  0x0000029c0064d7e0 JavaThread "Execution worker Thread 5" [_thread_blocked, id=10216, stack(0x000000f339600000,0x000000f339700000)]
  0x0000029c0064dcf0 JavaThread "Execution worker Thread 6" [_thread_blocked, id=6516, stack(0x000000f339700000,0x000000f339800000)]
  0x0000029c0064f130 JavaThread "Execution worker Thread 7" [_thread_blocked, id=13128, stack(0x000000f339800000,0x000000f339900000)]
  0x0000029c006523d0 JavaThread "Cache worker for execution history cache (C:\Users\Admin\Downloads\Sabe-Mobile\node_modules\@react-native\gradle-plugin\.gradle\8.3\executionHistory)" [_thread_blocked, id=10816, stack(0x000000f339900000,0x000000f339a00000)]
  0x0000029c0064ec20 JavaThread "Unconstrained build operations Thread 10" [_thread_blocked, id=5904, stack(0x000000f339a00000,0x000000f339b00000)]
  0x0000029c00650f90 JavaThread "Unconstrained build operations Thread 11" [_thread_blocked, id=6860, stack(0x000000f339b00000,0x000000f339c00000)]
  0x0000029c0064cdc0 JavaThread "Unconstrained build operations Thread 12" [_thread_blocked, id=13148, stack(0x000000f339c00000,0x000000f339d00000)]
  0x0000029c0064d2d0 JavaThread "Unconstrained build operations Thread 13" [_thread_blocked, id=7088, stack(0x000000f339d00000,0x000000f339e00000)]
  0x0000029c0064f640 JavaThread "Unconstrained build operations Thread 14" [_thread_blocked, id=11960, stack(0x000000f339e00000,0x000000f339f00000)]
  0x0000029c0064e200 JavaThread "Unconstrained build operations Thread 15" [_thread_blocked, id=5128, stack(0x000000f339f00000,0x000000f33a000000)]
  0x0000029c006514a0 JavaThread "Unconstrained build operations Thread 16" [_thread_blocked, id=9024, stack(0x000000f33a000000,0x000000f33a100000)]
  0x0000029c01df9590 JavaThread "Unconstrained build operations Thread 17" [_thread_blocked, id=11380, stack(0x000000f33a100000,0x000000f33a200000)]
  0x0000029c01df6800 JavaThread "Unconstrained build operations Thread 18" [_thread_blocked, id=11300, stack(0x000000f33a200000,0x000000f33a300000)]
  0x0000029c01df6d10 JavaThread "Unconstrained build operations Thread 19" [_thread_blocked, id=12680, stack(0x000000f33a300000,0x000000f33a400000)]
  0x0000029c01df62f0 JavaThread "Unconstrained build operations Thread 20" [_thread_blocked, id=12124, stack(0x000000f33a400000,0x000000f33a500000)]
  0x0000029c01df5de0 JavaThread "Unconstrained build operations Thread 21" [_thread_blocked, id=7756, stack(0x000000f33a500000,0x000000f33a600000)]
  0x0000029c01df8660 JavaThread "Unconstrained build operations Thread 22" [_thread_blocked, id=4084, stack(0x000000f33a600000,0x000000f33a700000)]
  0x0000029c01df8b70 JavaThread "Unconstrained build operations Thread 23" [_thread_blocked, id=13032, stack(0x000000f33a700000,0x000000f33a800000)]
  0x0000029c01df8150 JavaThread "Unconstrained build operations Thread 24" [_thread_blocked, id=9184, stack(0x000000f33a800000,0x000000f33a900000)]
  0x0000029c01df7220 JavaThread "Unconstrained build operations Thread 25" [_thread_blocked, id=1748, stack(0x000000f33a900000,0x000000f33aa00000)]
  0x0000029c00da7740 JavaThread "C2 CompilerThread2" daemon [_thread_blocked, id=13028, stack(0x000000f338900000,0x000000f338a00000)]

Other Threads:
=>0x0000029c5d152f70 VMThread "VM Thread" [stack: 0x000000f334800000,0x000000f334900000] [id=1452]
  0x0000029c5d495670 WatcherThread [stack: 0x000000f335400000,0x000000f335500000] [id=3696]
  0x0000029c3cd49aa0 GCTaskThread "GC Thread#0" [stack: 0x000000f334300000,0x000000f334400000] [id=10176]
  0x0000029c7d9ae2f0 GCTaskThread "GC Thread#1" [stack: 0x000000f335700000,0x000000f335800000] [id=12748]
  0x0000029c7da5f0b0 GCTaskThread "GC Thread#2" [stack: 0x000000f335800000,0x000000f335900000] [id=7620]
  0x0000029c7da5f370 GCTaskThread "GC Thread#3" [stack: 0x000000f335900000,0x000000f335a00000] [id=2504]
  0x0000029c7da5f630 GCTaskThread "GC Thread#4" [stack: 0x000000f335a00000,0x000000f335b00000] [id=9556]
  0x0000029c7da5f8f0 GCTaskThread "GC Thread#5" [stack: 0x000000f335b00000,0x000000f335c00000] [id=9972]
  0x0000029c0127f4d0 GCTaskThread "GC Thread#6" [stack: 0x000000f336f00000,0x000000f337000000] [id=12340]
  0x0000029c01140360 GCTaskThread "GC Thread#7" [stack: 0x000000f337000000,0x000000f337100000] [id=11304]
  0x0000029c3cd5a910 ConcurrentGCThread "G1 Main Marker" [stack: 0x000000f334400000,0x000000f334500000] [id=12760]
  0x0000029c3cd5b240 ConcurrentGCThread "G1 Conc#0" [stack: 0x000000f334500000,0x000000f334600000] [id=616]
  0x0000029c7ebe8c90 ConcurrentGCThread "G1 Conc#1" [stack: 0x000000f337100000,0x000000f337200000] [id=12348]
  0x0000029c3cdadbd0 ConcurrentGCThread "G1 Refine#0" [stack: 0x000000f334600000,0x000000f334700000] [id=3668]
  0x0000029c3cdae510 ConcurrentGCThread "G1 Service" [stack: 0x000000f334700000,0x000000f334800000] [id=8564]

Threads with active compile tasks:
C2 CompilerThread0    16763 9102       4       java.math.BigInteger::implSquareToLen (154 bytes)
C2 CompilerThread1    16763 9101 %     4       java.math.BigInteger::montReduce @ 9 (99 bytes)
C2 CompilerThread2    16763 9113 %     4       java.math.BigInteger::implMultiplyToLen @ 135 (216 bytes)

VM state: at safepoint (normal execution)

VM Mutex/Monitor currently owned by a thread:  ([mutex/lock_event])
[0x0000029c3cce8ca0] Threads_lock - owner thread: 0x0000029c5d152f70
[0x0000029c3cce9990] Heap_lock - owner thread: 0x0000029c0020cea0

Heap address: 0x0000000080000000, size: 2048 MB, Compressed Oops mode: 32-bit

CDS archive(s) mapped at: [0x0000029c5e000000-0x0000029c5ebb0000-0x0000029c5ebb0000), size 12255232, SharedBaseAddress: 0x0000029c5e000000, ArchiveRelocationMode: 1.
Compressed class space mapped at: 0x0000029c5f000000-0x0000029c79000000, reserved size: 436207616
Narrow klass base: 0x0000029c5e000000, Narrow klass shift: 0, Narrow klass range: 0x100000000

GC Precious Log:
 CPUs: 8 total, 8 available
 Memory: 16082M
 Large Page Support: Disabled
 NUMA Support: Disabled
 Compressed Oops: Enabled (32-bit)
 Heap Region Size: 1M
 Heap Min Capacity: 8M
 Heap Initial Capacity: 252M
 Heap Max Capacity: 2G
 Pre-touch: Disabled
 Parallel Workers: 8
 Concurrent Workers: 2
 Concurrent Refinement Workers: 8
 Periodic GC: Disabled

Heap:
 garbage-first heap   total 150528K, used 89562K [0x0000000080000000, 0x0000000100000000)
  region size 1024K, 3 young (3072K), 3 survivors (3072K)
 Metaspace       used 71935K, committed 72704K, reserved 491520K
  class space    used 10062K, committed 10432K, reserved 425984K

Heap Regions: E=young(eden), S=young(survivor), O=old, HS=humongous(starts), HC=humongous(continues), CS=collection set, F=free, OA=open archive, CA=closed archive, TAMS=top-at-mark-start (previous, next)
|   0|0x0000000080000000, 0x0000000080100000, 0x0000000080100000|100%|HS|  |TAMS 0x0000000080100000, 0x0000000080100000| Complete 
|   1|0x0000000080100000, 0x0000000080200000, 0x0000000080200000|100%|HC|  |TAMS 0x0000000080200000, 0x0000000080200000| Complete 
|   2|0x0000000080200000, 0x0000000080300000, 0x0000000080300000|100%|HC|  |TAMS 0x0000000080300000, 0x0000000080300000| Complete 
|   3|0x0000000080300000, 0x0000000080400000, 0x0000000080400000|100%|HC|  |TAMS 0x0000000080400000, 0x0000000080400000| Complete 
|   4|0x0000000080400000, 0x0000000080500000, 0x0000000080500000|100%| O|  |TAMS 0x0000000080500000, 0x0000000080500000| Untracked 
|   5|0x0000000080500000, 0x0000000080600000, 0x0000000080600000|100%| O|  |TAMS 0x0000000080600000, 0x0000000080600000| Untracked 
|   6|0x0000000080600000, 0x0000000080700000, 0x0000000080700000|100%| O|  |TAMS 0x0000000080700000, 0x0000000080700000| Untracked 
|   7|0x0000000080700000, 0x0000000080800000, 0x0000000080800000|100%| O|  |TAMS 0x0000000080800000, 0x0000000080800000| Untracked 
|   8|0x0000000080800000, 0x0000000080900000, 0x0000000080900000|100%| O|  |TAMS 0x0000000080900000, 0x0000000080900000| Untracked 
|   9|0x0000000080900000, 0x0000000080a00000, 0x0000000080a00000|100%| O|  |TAMS 0x0000000080a00000, 0x0000000080a00000| Untracked 
|  10|0x0000000080a00000, 0x0000000080b00000, 0x0000000080b00000|100%|HS|  |TAMS 0x0000000080a00000, 0x0000000080b00000| Complete 
|  11|0x0000000080b00000, 0x0000000080c00000, 0x0000000080c00000|100%| O|  |TAMS 0x0000000080c00000, 0x0000000080c00000| Untracked 
|  12|0x0000000080c00000, 0x0000000080d00000, 0x0000000080d00000|100%| O|  |TAMS 0x0000000080d00000, 0x0000000080d00000| Untracked 
|  13|0x0000000080d00000, 0x0000000080e00000, 0x0000000080e00000|100%| O|  |TAMS 0x0000000080e00000, 0x0000000080e00000| Untracked 
|  14|0x0000000080e00000, 0x0000000080f00000, 0x0000000080f00000|100%| O|  |TAMS 0x0000000080f00000, 0x0000000080f00000| Untracked 
|  15|0x0000000080f00000, 0x0000000081000000, 0x0000000081000000|100%| O|  |TAMS 0x0000000081000000, 0x0000000081000000| Untracked 
|  16|0x0000000081000000, 0x0000000081100000, 0x0000000081100000|100%| O|  |TAMS 0x0000000081100000, 0x0000000081100000| Untracked 
|  17|0x0000000081100000, 0x0000000081200000, 0x0000000081200000|100%| O|  |TAMS 0x0000000081200000, 0x0000000081200000| Untracked 
|  18|0x0000000081200000, 0x0000000081300000, 0x0000000081300000|100%| O|  |TAMS 0x0000000081300000, 0x0000000081300000| Untracked 
|  19|0x0000000081300000, 0x0000000081400000, 0x0000000081400000|100%| O|  |TAMS 0x0000000081400000, 0x0000000081400000| Untracked 
|  20|0x0000000081400000, 0x0000000081500000, 0x0000000081500000|100%| O|  |TAMS 0x0000000081500000, 0x0000000081500000| Untracked 
|  21|0x0000000081500000, 0x0000000081600000, 0x0000000081600000|100%| O|  |TAMS 0x0000000081600000, 0x0000000081600000| Untracked 
|  22|0x0000000081600000, 0x0000000081700000, 0x0000000081700000|100%| O|  |TAMS 0x0000000081700000, 0x0000000081700000| Untracked 
|  23|0x0000000081700000, 0x0000000081800000, 0x0000000081800000|100%| O|  |TAMS 0x0000000081800000, 0x0000000081800000| Untracked 
|  24|0x0000000081800000, 0x0000000081900000, 0x0000000081900000|100%| O|  |TAMS 0x0000000081900000, 0x0000000081900000| Untracked 
|  25|0x0000000081900000, 0x0000000081a00000, 0x0000000081a00000|100%| O|  |TAMS 0x0000000081a00000, 0x0000000081a00000| Untracked 
|  26|0x0000000081a00000, 0x0000000081b00000, 0x0000000081b00000|100%| O|  |TAMS 0x0000000081b00000, 0x0000000081b00000| Untracked 
|  27|0x0000000081b00000, 0x0000000081c00000, 0x0000000081c00000|100%| O|  |TAMS 0x0000000081c00000, 0x0000000081c00000| Untracked 
|  28|0x0000000081c00000, 0x0000000081d00000, 0x0000000081d00000|100%| O|  |TAMS 0x0000000081d00000, 0x0000000081d00000| Untracked 
|  29|0x0000000081d00000, 0x0000000081e00000, 0x0000000081e00000|100%| O|  |TAMS 0x0000000081e00000, 0x0000000081e00000| Untracked 
|  30|0x0000000081e00000, 0x0000000081f00000, 0x0000000081f00000|100%| O|  |TAMS 0x0000000081f00000, 0x0000000081f00000| Untracked 
|  31|0x0000000081f00000, 0x0000000082000000, 0x0000000082000000|100%| O|  |TAMS 0x0000000082000000, 0x0000000082000000| Untracked 
|  32|0x0000000082000000, 0x0000000082100000, 0x0000000082100000|100%| O|  |TAMS 0x0000000082100000, 0x0000000082100000| Untracked 
|  33|0x0000000082100000, 0x0000000082200000, 0x0000000082200000|100%|HS|  |TAMS 0x0000000082200000, 0x0000000082200000| Complete 
|  34|0x0000000082200000, 0x0000000082300000, 0x0000000082300000|100%|HC|  |TAMS 0x0000000082300000, 0x0000000082300000| Complete 
|  35|0x0000000082300000, 0x0000000082400000, 0x0000000082400000|100%|HS|  |TAMS 0x0000000082400000, 0x0000000082400000| Complete 
|  36|0x0000000082400000, 0x0000000082500000, 0x0000000082500000|100%|HC|  |TAMS 0x0000000082500000, 0x0000000082500000| Complete 
|  37|0x0000000082500000, 0x0000000082600000, 0x0000000082600000|100%|HS|  |TAMS 0x0000000082600000, 0x0000000082600000| Complete 
|  38|0x0000000082600000, 0x0000000082700000, 0x0000000082700000|100%|HC|  |TAMS 0x0000000082700000, 0x0000000082700000| Complete 
|  39|0x0000000082700000, 0x0000000082800000, 0x0000000082800000|100%|HC|  |TAMS 0x0000000082800000, 0x0000000082800000| Complete 
|  40|0x0000000082800000, 0x0000000082900000, 0x0000000082900000|100%|HC|  |TAMS 0x0000000082900000, 0x0000000082900000| Complete 
|  41|0x0000000082900000, 0x0000000082a00000, 0x0000000082a00000|100%| O|  |TAMS 0x0000000082a00000, 0x0000000082a00000| Untracked 
|  42|0x0000000082a00000, 0x0000000082b00000, 0x0000000082b00000|100%| O|  |TAMS 0x0000000082b00000, 0x0000000082b00000| Untracked 
|  43|0x0000000082b00000, 0x0000000082c00000, 0x0000000082c00000|100%| O|  |TAMS 0x0000000082c00000, 0x0000000082c00000| Untracked 
|  44|0x0000000082c00000, 0x0000000082d00000, 0x0000000082d00000|100%| O|  |TAMS 0x0000000082d00000, 0x0000000082d00000| Untracked 
|  45|0x0000000082d00000, 0x0000000082e00000, 0x0000000082e00000|100%| O|  |TAMS 0x0000000082e00000, 0x0000000082e00000| Untracked 
|  46|0x0000000082e00000, 0x0000000082f00000, 0x0000000082f00000|100%| O|  |TAMS 0x0000000082f00000, 0x0000000082f00000| Untracked 
|  47|0x0000000082f00000, 0x0000000083000000, 0x0000000083000000|100%| O|  |TAMS 0x0000000083000000, 0x0000000083000000| Untracked 
|  48|0x0000000083000000, 0x0000000083100000, 0x0000000083100000|100%| O|  |TAMS 0x0000000083100000, 0x0000000083100000| Untracked 
|  49|0x0000000083100000, 0x0000000083200000, 0x0000000083200000|100%| O|  |TAMS 0x0000000083200000, 0x0000000083200000| Untracked 
|  50|0x0000000083200000, 0x0000000083300000, 0x0000000083300000|100%| O|  |TAMS 0x0000000083300000, 0x0000000083300000| Untracked 
|  51|0x0000000083300000, 0x0000000083400000, 0x0000000083400000|100%|HS|  |TAMS 0x0000000083400000, 0x0000000083400000| Complete 
|  52|0x0000000083400000, 0x0000000083500000, 0x0000000083500000|100%|HC|  |TAMS 0x0000000083500000, 0x0000000083500000| Complete 
|  53|0x0000000083500000, 0x0000000083600000, 0x0000000083600000|100%|HC|  |TAMS 0x0000000083600000, 0x0000000083600000| Complete 
|  54|0x0000000083600000, 0x0000000083700000, 0x0000000083700000|100%|HC|  |TAMS 0x0000000083700000, 0x0000000083700000| Complete 
|  55|0x0000000083700000, 0x0000000083800000, 0x0000000083800000|100%| O|  |TAMS 0x0000000083800000, 0x0000000083800000| Untracked 
|  56|0x0000000083800000, 0x0000000083900000, 0x0000000083900000|100%| O|  |TAMS 0x0000000083900000, 0x0000000083900000| Untracked 
|  57|0x0000000083900000, 0x0000000083a00000, 0x0000000083a00000|100%| O|  |TAMS 0x0000000083a00000, 0x0000000083a00000| Untracked 
|  58|0x0000000083a00000, 0x0000000083b00000, 0x0000000083b00000|100%| O|  |TAMS 0x0000000083b00000, 0x0000000083b00000| Untracked 
|  59|0x0000000083b00000, 0x0000000083c00000, 0x0000000083c00000|100%| O|  |TAMS 0x0000000083c00000, 0x0000000083c00000| Untracked 
|  60|0x0000000083c00000, 0x0000000083d00000, 0x0000000083d00000|100%| O|  |TAMS 0x0000000083d00000, 0x0000000083d00000| Untracked 
|  61|0x0000000083d00000, 0x0000000083e00000, 0x0000000083e00000|100%| O|  |TAMS 0x0000000083e00000, 0x0000000083e00000| Untracked 
|  62|0x0000000083e00000, 0x0000000083f00000, 0x0000000083f00000|100%| O|  |TAMS 0x0000000083f00000, 0x0000000083f00000| Untracked 
|  63|0x0000000083f00000, 0x0000000084000000, 0x0000000084000000|100%| O|  |TAMS 0x0000000084000000, 0x0000000084000000| Untracked 
|  64|0x0000000084000000, 0x0000000084100000, 0x0000000084100000|100%| O|  |TAMS 0x0000000084100000, 0x0000000084100000| Untracked 
|  65|0x0000000084100000, 0x0000000084200000, 0x0000000084200000|100%|HS|  |TAMS 0x0000000084200000, 0x0000000084200000| Complete 
|  66|0x0000000084200000, 0x0000000084300000, 0x0000000084300000|100%|HS|  |TAMS 0x0000000084300000, 0x0000000084300000| Complete 
|  67|0x0000000084300000, 0x0000000084400000, 0x0000000084400000|100%|HS|  |TAMS 0x0000000084400000, 0x0000000084400000| Complete 
|  68|0x0000000084400000, 0x0000000084500000, 0x0000000084500000|100%| O|  |TAMS 0x0000000084500000, 0x0000000084500000| Untracked 
|  69|0x0000000084500000, 0x0000000084600000, 0x0000000084600000|100%|HS|  |TAMS 0x0000000084600000, 0x0000000084600000| Complete 
|  70|0x0000000084600000, 0x0000000084700000, 0x0000000084700000|100%| O|  |TAMS 0x0000000084700000, 0x0000000084700000| Untracked 
|  71|0x0000000084700000, 0x0000000084800000, 0x0000000084800000|100%| O|  |TAMS 0x0000000084800000, 0x0000000084800000| Untracked 
|  72|0x0000000084800000, 0x0000000084900000, 0x0000000084900000|100%| O|  |TAMS 0x0000000084900000, 0x0000000084900000| Untracked 
|  73|0x0000000084900000, 0x0000000084a00000, 0x0000000084a00000|100%| O|  |TAMS 0x0000000084a00000, 0x0000000084a00000| Untracked 
|  74|0x0000000084a00000, 0x0000000084b00000, 0x0000000084b00000|100%| O|  |TAMS 0x0000000084b00000, 0x0000000084b00000| Untracked 
|  75|0x0000000084b00000, 0x0000000084b00000, 0x0000000084c00000|  0%| F|  |TAMS 0x0000000084b00000, 0x0000000084b00000| Untracked 
|  76|0x0000000084c00000, 0x0000000084d00000, 0x0000000084d00000|100%| O|  |TAMS 0x0000000084d00000, 0x0000000084d00000| Untracked 
|  77|0x0000000084d00000, 0x0000000084e00000, 0x0000000084e00000|100%| O|  |TAMS 0x0000000084e00000, 0x0000000084e00000| Untracked 
|  78|0x0000000084e00000, 0x0000000084f00000, 0x0000000084f00000|100%| O|  |TAMS 0x0000000084f00000, 0x0000000084f00000| Untracked 
|  79|0x0000000084f00000, 0x0000000085000000, 0x0000000085000000|100%| O|  |TAMS 0x0000000085000000, 0x0000000085000000| Untracked 
|  80|0x0000000085000000, 0x0000000085100000, 0x0000000085100000|100%| O|  |TAMS 0x00000000850a3200, 0x0000000085100000| Untracked 
|  81|0x0000000085100000, 0x0000000085100000, 0x0000000085200000|  0%| F|  |TAMS 0x0000000085100000, 0x0000000085100000| Untracked 
|  82|0x0000000085200000, 0x0000000085300000, 0x0000000085300000|100%|HS|  |TAMS 0x0000000085200000, 0x0000000085300000| Complete 
|  83|0x0000000085300000, 0x0000000085400000, 0x0000000085400000|100%|HS|  |TAMS 0x0000000085300000, 0x0000000085400000| Complete 
|  84|0x0000000085400000, 0x0000000085500000, 0x0000000085500000|100%| O|  |TAMS 0x0000000085400000, 0x0000000085500000| Untracked 
|  85|0x0000000085500000, 0x0000000085600000, 0x0000000085600000|100%| O|  |TAMS 0x0000000085500000, 0x0000000085600000| Untracked 
|  86|0x0000000085600000, 0x0000000085700000, 0x0000000085700000|100%| O|  |TAMS 0x0000000085600000, 0x0000000085700000| Untracked 
|  87|0x0000000085700000, 0x0000000085747c00, 0x0000000085800000| 28%| O|  |TAMS 0x0000000085700000, 0x0000000085747c00| Untracked 
|  88|0x0000000085800000, 0x0000000085800000, 0x0000000085900000|  0%| F|  |TAMS 0x0000000085800000, 0x0000000085800000| Untracked 
|  89|0x0000000085900000, 0x0000000085900000, 0x0000000085a00000|  0%| F|  |TAMS 0x0000000085900000, 0x0000000085900000| Untracked 
|  90|0x0000000085a00000, 0x0000000085a00000, 0x0000000085b00000|  0%| F|  |TAMS 0x0000000085a00000, 0x0000000085a00000| Untracked 
|  91|0x0000000085b00000, 0x0000000085b00000, 0x0000000085c00000|  0%| F|  |TAMS 0x0000000085b00000, 0x0000000085b00000| Untracked 
|  92|0x0000000085c00000, 0x0000000085c00000, 0x0000000085d00000|  0%| F|  |TAMS 0x0000000085c00000, 0x0000000085c00000| Untracked 
|  93|0x0000000085d00000, 0x0000000085d00000, 0x0000000085e00000|  0%| F|  |TAMS 0x0000000085d00000, 0x0000000085d00000| Untracked 
|  94|0x0000000085e00000, 0x0000000085e00000, 0x0000000085f00000|  0%| F|  |TAMS 0x0000000085e00000, 0x0000000085e00000| Untracked 
|  95|0x0000000085f00000, 0x0000000085f00000, 0x0000000086000000|  0%| F|  |TAMS 0x0000000085f00000, 0x0000000085f00000| Untracked 
|  96|0x0000000086000000, 0x0000000086000000, 0x0000000086100000|  0%| F|  |TAMS 0x0000000086000000, 0x0000000086000000| Untracked 
|  97|0x0000000086100000, 0x0000000086100000, 0x0000000086200000|  0%| F|  |TAMS 0x0000000086100000, 0x0000000086100000| Untracked 
|  98|0x0000000086200000, 0x0000000086200000, 0x0000000086300000|  0%| F|  |TAMS 0x0000000086200000, 0x0000000086200000| Untracked 
|  99|0x0000000086300000, 0x0000000086300000, 0x0000000086400000|  0%| F|  |TAMS 0x0000000086300000, 0x0000000086300000| Untracked 
| 100|0x0000000086400000, 0x0000000086400000, 0x0000000086500000|  0%| F|  |TAMS 0x0000000086400000, 0x0000000086400000| Untracked 
| 101|0x0000000086500000, 0x0000000086500000, 0x0000000086600000|  0%| F|  |TAMS 0x0000000086500000, 0x0000000086500000| Untracked 
| 102|0x0000000086600000, 0x0000000086600000, 0x0000000086700000|  0%| F|  |TAMS 0x0000000086600000, 0x0000000086600000| Untracked 
| 103|0x0000000086700000, 0x0000000086700000, 0x0000000086800000|  0%| F|  |TAMS 0x0000000086700000, 0x0000000086700000| Untracked 
| 104|0x0000000086800000, 0x0000000086800000, 0x0000000086900000|  0%| F|  |TAMS 0x0000000086800000, 0x0000000086800000| Untracked 
| 105|0x0000000086900000, 0x0000000086900000, 0x0000000086a00000|  0%| F|  |TAMS 0x0000000086900000, 0x0000000086900000| Untracked 
| 106|0x0000000086a00000, 0x0000000086a00000, 0x0000000086b00000|  0%| F|  |TAMS 0x0000000086a00000, 0x0000000086a00000| Untracked 
| 107|0x0000000086b00000, 0x0000000086b00000, 0x0000000086c00000|  0%| F|  |TAMS 0x0000000086b00000, 0x0000000086b00000| Untracked 
| 108|0x0000000086c00000, 0x0000000086c00000, 0x0000000086d00000|  0%| F|  |TAMS 0x0000000086c00000, 0x0000000086c00000| Untracked 
| 109|0x0000000086d00000, 0x0000000086d00000, 0x0000000086e00000|  0%| F|  |TAMS 0x0000000086d00000, 0x0000000086d00000| Untracked 
| 110|0x0000000086e00000, 0x0000000086e00000, 0x0000000086f00000|  0%| F|  |TAMS 0x0000000086e00000, 0x0000000086e00000| Untracked 
| 111|0x0000000086f00000, 0x0000000086f00000, 0x0000000087000000|  0%| F|  |TAMS 0x0000000086f00000, 0x0000000086f00000| Untracked 
| 112|0x0000000087000000, 0x0000000087000000, 0x0000000087100000|  0%| F|  |TAMS 0x0000000087000000, 0x0000000087000000| Untracked 
| 113|0x0000000087100000, 0x0000000087100000, 0x0000000087200000|  0%| F|  |TAMS 0x0000000087100000, 0x0000000087100000| Untracked 
| 114|0x0000000087200000, 0x0000000087200000, 0x0000000087300000|  0%| F|  |TAMS 0x0000000087200000, 0x0000000087200000| Untracked 
| 115|0x0000000087300000, 0x0000000087300000, 0x0000000087400000|  0%| F|  |TAMS 0x0000000087300000, 0x0000000087300000| Untracked 
| 116|0x0000000087400000, 0x0000000087400000, 0x0000000087500000|  0%| F|  |TAMS 0x0000000087400000, 0x0000000087400000| Untracked 
| 117|0x0000000087500000, 0x0000000087500000, 0x0000000087600000|  0%| F|  |TAMS 0x0000000087500000, 0x0000000087500000| Untracked 
| 118|0x0000000087600000, 0x0000000087600000, 0x0000000087700000|  0%| F|  |TAMS 0x0000000087600000, 0x0000000087600000| Untracked 
| 119|0x0000000087700000, 0x0000000087700000, 0x0000000087800000|  0%| F|  |TAMS 0x0000000087700000, 0x0000000087700000| Untracked 
| 120|0x0000000087800000, 0x0000000087800000, 0x0000000087900000|  0%| F|  |TAMS 0x0000000087800000, 0x0000000087800000| Untracked 
| 121|0x0000000087900000, 0x0000000087900000, 0x0000000087a00000|  0%| F|  |TAMS 0x0000000087900000, 0x0000000087900000| Untracked 
| 122|0x0000000087a00000, 0x0000000087a00000, 0x0000000087b00000|  0%| F|  |TAMS 0x0000000087a00000, 0x0000000087a00000| Untracked 
| 123|0x0000000087b00000, 0x0000000087b00000, 0x0000000087c00000|  0%| F|  |TAMS 0x0000000087b00000, 0x0000000087b00000| Untracked 
| 124|0x0000000087c00000, 0x0000000087c00000, 0x0000000087d00000|  0%| F|  |TAMS 0x0000000087c00000, 0x0000000087c00000| Untracked 
| 125|0x0000000087d00000, 0x0000000087d00000, 0x0000000087e00000|  0%| F|  |TAMS 0x0000000087d00000, 0x0000000087d00000| Untracked 
| 126|0x0000000087e00000, 0x0000000087e00000, 0x0000000087f00000|  0%| F|  |TAMS 0x0000000087e00000, 0x0000000087e00000| Untracked 
| 127|0x0000000087f00000, 0x0000000087f00000, 0x0000000088000000|  0%| F|  |TAMS 0x0000000087f00000, 0x0000000087f00000| Untracked 
| 128|0x0000000088000000, 0x0000000088000000, 0x0000000088100000|  0%| F|  |TAMS 0x0000000088000000, 0x0000000088000000| Untracked 
| 129|0x0000000088100000, 0x0000000088100000, 0x0000000088200000|  0%| F|  |TAMS 0x0000000088100000, 0x0000000088100000| Untracked 
| 130|0x0000000088200000, 0x0000000088200000, 0x0000000088300000|  0%| F|  |TAMS 0x0000000088200000, 0x0000000088200000| Untracked 
| 131|0x0000000088300000, 0x0000000088300000, 0x0000000088400000|  0%| F|  |TAMS 0x0000000088300000, 0x0000000088300000| Untracked 
| 132|0x0000000088400000, 0x0000000088400000, 0x0000000088500000|  0%| F|  |TAMS 0x0000000088400000, 0x0000000088400000| Untracked 
| 133|0x0000000088500000, 0x0000000088500000, 0x0000000088600000|  0%| F|  |TAMS 0x0000000088500000, 0x0000000088500000| Untracked 
| 134|0x0000000088600000, 0x0000000088600000, 0x0000000088700000|  0%| F|  |TAMS 0x0000000088600000, 0x0000000088600000| Untracked 
| 135|0x0000000088700000, 0x0000000088700000, 0x0000000088800000|  0%| F|  |TAMS 0x0000000088700000, 0x0000000088700000| Untracked 
| 136|0x0000000088800000, 0x0000000088800000, 0x0000000088900000|  0%| F|  |TAMS 0x0000000088800000, 0x0000000088800000| Untracked 
| 137|0x0000000088900000, 0x0000000088900000, 0x0000000088a00000|  0%| F|  |TAMS 0x0000000088900000, 0x0000000088900000| Untracked 
| 138|0x0000000088a00000, 0x0000000088a2eda8, 0x0000000088b00000| 18%| S|CS|TAMS 0x0000000088a00000, 0x0000000088a00000| Complete 
| 139|0x0000000088b00000, 0x0000000088c00000, 0x0000000088c00000|100%| S|CS|TAMS 0x0000000088b00000, 0x0000000088b00000| Complete 
| 140|0x0000000088c00000, 0x0000000088d00000, 0x0000000088d00000|100%| S|CS|TAMS 0x0000000088c00000, 0x0000000088c00000| Complete 
| 141|0x0000000088d00000, 0x0000000088d00000, 0x0000000088e00000|  0%| F|  |TAMS 0x0000000088d00000, 0x0000000088d00000| Untracked 
| 142|0x0000000088e00000, 0x0000000088e00000, 0x0000000088f00000|  0%| F|  |TAMS 0x0000000088e00000, 0x0000000088e00000| Untracked 
| 143|0x0000000088f00000, 0x0000000088f00000, 0x0000000089000000|  0%| F|  |TAMS 0x0000000088f00000, 0x0000000088f00000| Untracked 
| 144|0x0000000089000000, 0x0000000089000000, 0x0000000089100000|  0%| F|  |TAMS 0x0000000089000000, 0x0000000089000000| Untracked 
| 145|0x0000000089100000, 0x0000000089100000, 0x0000000089200000|  0%| F|  |TAMS 0x0000000089100000, 0x0000000089100000| Untracked 
| 251|0x000000008fb00000, 0x000000008fb00000, 0x000000008fc00000|  0%| F|  |TAMS 0x000000008fb00000, 0x000000008fb00000| Untracked 

Card table byte_map: [0x0000029c55e70000,0x0000029c56270000] _byte_map_base: 0x0000029c55a70000

Marking Bits (Prev, Next): (CMBitMap*) 0x0000029c3cd49fe0, (CMBitMap*) 0x0000029c3cd4a020
 Prev Bits: [0x0000029c56670000, 0x0000029c58670000)
 Next Bits: [0x0000029c58670000, 0x0000029c5a670000)

Polling page: 0x0000029c3cdb0000

Metaspace:

Usage:
  Non-class:     60.42 MB used.
      Class:      9.83 MB used.
       Both:     70.25 MB used.

Virtual space:
  Non-class space:       64.00 MB reserved,      60.81 MB ( 95%) committed,  1 nodes.
      Class space:      416.00 MB reserved,      10.19 MB (  2%) committed,  1 nodes.
             Both:      480.00 MB reserved,      71.00 MB ( 15%) committed. 

Chunk freelists:
   Non-Class:  2.99 MB
       Class:  5.73 MB
        Both:  8.73 MB

MaxMetaspaceSize: 512.00 MB
CompressedClassSpaceSize: 416.00 MB
Initial GC threshold: 21.00 MB
Current GC threshold: 115.00 MB
CDS: on
MetaspaceReclaimPolicy: balanced
 - commit_granule_bytes: 65536.
 - commit_granule_words: 8192.
 - virtual_space_node_default_size: 8388608.
 - enlarge_chunks_in_place: 1.
 - new_chunks_are_fully_committed: 0.
 - uncommit_free_chunks: 1.
 - use_allocation_guard: 0.
 - handle_deallocations: 1.


Internal statistics:

num_allocs_failed_limit: 6.
num_arena_births: 902.
num_arena_deaths: 0.
num_vsnodes_births: 2.
num_vsnodes_deaths: 0.
num_space_committed: 1136.
num_space_uncommitted: 0.
num_chunks_returned_to_freelist: 6.
num_chunks_taken_from_freelist: 3841.
num_chunk_merges: 6.
num_chunk_splits: 2536.
num_chunks_enlarged: 1676.
num_inconsistent_stats: 0.

CodeHeap 'non-profiled nmethods': size=120000Kb used=5161Kb max_used=5197Kb free=114838Kb
 bounds [0x0000029c4dad0000, 0x0000029c4dff0000, 0x0000029c55000000]
CodeHeap 'profiled nmethods': size=120000Kb used=16494Kb max_used=16512Kb free=103505Kb
 bounds [0x0000029c46000000, 0x0000029c47030000, 0x0000029c4d530000]
CodeHeap 'non-nmethods': size=5760Kb used=2389Kb max_used=2457Kb free=3370Kb
 bounds [0x0000029c4d530000, 0x0000029c4d7a0000, 0x0000029c4dad0000]
 total_blobs=9274 nmethods=8366 adapters=818
 compilation: enabled
              stopped_count=0, restarted_count=0
 full_count=0

Compilation events (20 events):
Event: 16.735 Thread 0x0000029c00da7740 nmethod 9092 0x0000029c4dfda010 code [0x0000029c4dfda1c0, 0x0000029c4dfda888]
Event: 16.735 Thread 0x0000029c00da7740 9107 %     4       sun.security.provider.SHA::implCompress0 @ 218 (506 bytes)
Event: 16.737 Thread 0x0000029c5d170f10 nmethod 9005 0x0000029c4dfdac90 code [0x0000029c4dfdb000, 0x0000029c4dfdfef8]
Event: 16.737 Thread 0x0000029c5d170f10 9102       4       java.math.BigInteger::implSquareToLen (154 bytes)
Event: 16.741 Thread 0x0000029c5d1718d0 9110       3       java.math.MutableBigInteger::getLowestSetBit (74 bytes)
Event: 16.742 Thread 0x0000029c5d1718d0 nmethod 9110 0x0000029c46137490 code [0x0000029c46137660, 0x0000029c461379c8]
Event: 16.742 Thread 0x0000029c5d1718d0 9111       3       java.math.MutableBigInteger::add (346 bytes)
Event: 16.742 Thread 0x0000029c5d1718d0 nmethod 9111 0x0000029c46116f10 code [0x0000029c46117120, 0x0000029c46117b68]
Event: 16.742 Thread 0x0000029c5d1718d0 9112       3       java.math.MutableBigInteger::<init> (21 bytes)
Event: 16.742 Thread 0x0000029c5d1718d0 nmethod 9112 0x0000029c46136c90 code [0x0000029c46136e20, 0x0000029c46136ff8]
Event: 16.743 Thread 0x0000029c5d1718d0 9115       3       java.math.BigInteger::multiplyToLen (20 bytes)
Event: 16.744 Thread 0x0000029c5d1718d0 nmethod 9115 0x0000029c460c4d10 code [0x0000029c460c4f40, 0x0000029c460c56a8]
Event: 16.744 Thread 0x0000029c5d1718d0 9116       3       java.math.BigInteger::montgomeryMultiply (54 bytes)
Event: 16.744 Thread 0x0000029c5d1718d0 nmethod 9116 0x0000029c4616be90 code [0x0000029c4616c080, 0x0000029c4616c498]
Event: 16.744 Thread 0x0000029c5d1718d0 9117       3       java.math.BigInteger::implMontgomeryMultiply (22 bytes)
Event: 16.744 Thread 0x0000029c5d1718d0 nmethod 9117 0x0000029c46111090 code [0x0000029c46111240, 0x0000029c461113b8]
Event: 16.744 Thread 0x0000029c5d1718d0 9118       3       sun.security.util.ObjectIdentifier::hashCode (8 bytes)
Event: 16.745 Thread 0x0000029c5d1718d0 nmethod 9118 0x0000029c461b7090 code [0x0000029c461b7220, 0x0000029c461b7368]
Event: 16.745 Thread 0x0000029c00da7740 nmethod 9107% 0x0000029c4dbe8f10 code [0x0000029c4dbe90a0, 0x0000029c4dbe97f8]
Event: 16.745 Thread 0x0000029c00da7740 9113 %     4       java.math.BigInteger::implMultiplyToLen @ 135 (216 bytes)

GC Heap History (20 events):
Event: 14.779 GC heap after
{Heap after GC invocations=19 (full 0):
 garbage-first heap   total 102400K, used 58998K [0x0000000080000000, 0x0000000100000000)
  region size 1024K, 3 young (3072K), 3 survivors (3072K)
 Metaspace       used 56374K, committed 57088K, reserved 491520K
  class space    used 7985K, committed 8320K, reserved 425984K
}
Event: 14.959 GC heap before
{Heap before GC invocations=20 (full 0):
 garbage-first heap   total 107520K, used 83574K [0x0000000080000000, 0x0000000100000000)
  region size 1024K, 28 young (28672K), 3 survivors (3072K)
 Metaspace       used 58553K, committed 59264K, reserved 491520K
  class space    used 8245K, committed 8576K, reserved 425984K
}
Event: 14.961 GC heap after
{Heap after GC invocations=21 (full 0):
 garbage-first heap   total 107520K, used 60581K [0x0000000080000000, 0x0000000100000000)
  region size 1024K, 3 young (3072K), 3 survivors (3072K)
 Metaspace       used 58553K, committed 59264K, reserved 491520K
  class space    used 8245K, committed 8576K, reserved 425984K
}
Event: 15.155 GC heap before
{Heap before GC invocations=21 (full 0):
 garbage-first heap   total 107520K, used 89253K [0x0000000080000000, 0x0000000100000000)
  region size 1024K, 31 young (31744K), 3 survivors (3072K)
 Metaspace       used 60384K, committed 61120K, reserved 491520K
  class space    used 8531K, committed 8896K, reserved 425984K
}
Event: 15.158 GC heap after
{Heap after GC invocations=22 (full 0):
 garbage-first heap   total 129024K, used 62813K [0x0000000080000000, 0x0000000100000000)
  region size 1024K, 4 young (4096K), 4 survivors (4096K)
 Metaspace       used 60384K, committed 61120K, reserved 491520K
  class space    used 8531K, committed 8896K, reserved 425984K
}
Event: 15.585 GC heap before
{Heap before GC invocations=23 (full 0):
 garbage-first heap   total 129024K, used 104797K [0x0000000080000000, 0x0000000100000000)
  region size 1024K, 45 young (46080K), 4 survivors (4096K)
 Metaspace       used 63127K, committed 63808K, reserved 491520K
  class space    used 8949K, committed 9280K, reserved 425984K
}
Event: 15.589 GC heap after
{Heap after GC invocations=24 (full 0):
 garbage-first heap   total 129024K, used 66197K [0x0000000080000000, 0x0000000100000000)
  region size 1024K, 6 young (6144K), 6 survivors (6144K)
 Metaspace       used 63127K, committed 63808K, reserved 491520K
  class space    used 8949K, committed 9280K, reserved 425984K
}
Event: 16.051 GC heap before
{Heap before GC invocations=24 (full 0):
 garbage-first heap   total 129024K, used 104085K [0x0000000080000000, 0x0000000100000000)
  region size 1024K, 44 young (45056K), 6 survivors (6144K)
 Metaspace       used 65743K, committed 66432K, reserved 491520K
  class space    used 9348K, committed 9664K, reserved 425984K
}
Event: 16.056 GC heap after
{Heap after GC invocations=25 (full 0):
 garbage-first heap   total 129024K, used 70155K [0x0000000080000000, 0x0000000100000000)
  region size 1024K, 5 young (5120K), 5 survivors (5120K)
 Metaspace       used 65743K, committed 66432K, reserved 491520K
  class space    used 9348K, committed 9664K, reserved 425984K
}
Event: 16.345 GC heap before
{Heap before GC invocations=26 (full 0):
 garbage-first heap   total 129024K, used 109067K [0x0000000080000000, 0x0000000100000000)
  region size 1024K, 39 young (39936K), 5 survivors (5120K)
 Metaspace       used 67180K, committed 67904K, reserved 491520K
  class space    used 9528K, committed 9856K, reserved 425984K
}
Event: 16.348 GC heap after
{Heap after GC invocations=27 (full 0):
 garbage-first heap   total 129024K, used 81432K [0x0000000080000000, 0x0000000100000000)
  region size 1024K, 5 young (5120K), 5 survivors (5120K)
 Metaspace       used 67180K, committed 67904K, reserved 491520K
  class space    used 9528K, committed 9856K, reserved 425984K
}
Event: 16.354 GC heap before
{Heap before GC invocations=27 (full 0):
 garbage-first heap   total 129024K, used 81432K [0x0000000080000000, 0x0000000100000000)
  region size 1024K, 6 young (6144K), 5 survivors (5120K)
 Metaspace       used 67249K, committed 67968K, reserved 491520K
  class space    used 9535K, committed 9856K, reserved 425984K
}
Event: 16.356 GC heap after
{Heap after GC invocations=28 (full 0):
 garbage-first heap   total 129024K, used 82029K [0x0000000080000000, 0x0000000100000000)
  region size 1024K, 1 young (1024K), 1 survivors (1024K)
 Metaspace       used 67249K, committed 67968K, reserved 491520K
  class space    used 9535K, committed 9856K, reserved 425984K
}
Event: 16.492 GC heap before
{Heap before GC invocations=28 (full 0):
 garbage-first heap   total 129024K, used 104557K [0x0000000080000000, 0x0000000100000000)
  region size 1024K, 23 young (23552K), 1 survivors (1024K)
 Metaspace       used 69276K, committed 69952K, reserved 491520K
  class space    used 9741K, committed 10048K, reserved 425984K
}
Event: 16.493 GC heap after
{Heap after GC invocations=29 (full 0):
 garbage-first heap   total 129024K, used 82268K [0x0000000080000000, 0x0000000100000000)
  region size 1024K, 1 young (1024K), 1 survivors (1024K)
 Metaspace       used 69276K, committed 69952K, reserved 491520K
  class space    used 9741K, committed 10048K, reserved 425984K
}
Event: 16.701 GC heap before
{Heap before GC invocations=30 (full 0):
 garbage-first heap   total 150528K, used 105820K [0x0000000080000000, 0x0000000100000000)
  region size 1024K, 24 young (24576K), 1 survivors (1024K)
 Metaspace       used 71923K, committed 72704K, reserved 491520K
  class space    used 10061K, committed 10432K, reserved 425984K
}
Event: 16.703 GC heap after
{Heap after GC invocations=31 (full 0):
 garbage-first heap   total 150528K, used 83420K [0x0000000080000000, 0x0000000100000000)
  region size 1024K, 2 young (2048K), 2 survivors (2048K)
 Metaspace       used 71923K, committed 72704K, reserved 491520K
  class space    used 10061K, committed 10432K, reserved 425984K
}
Event: 16.714 GC heap before
{Heap before GC invocations=31 (full 0):
 garbage-first heap   total 150528K, used 92636K [0x0000000080000000, 0x0000000100000000)
  region size 1024K, 7 young (7168K), 2 survivors (2048K)
 Metaspace       used 71926K, committed 72704K, reserved 491520K
  class space    used 10061K, committed 10432K, reserved 425984K
}
Event: 16.717 GC heap after
{Heap after GC invocations=32 (full 0):
 garbage-first heap   total 150528K, used 88351K [0x0000000080000000, 0x0000000100000000)
  region size 1024K, 1 young (1024K), 1 survivors (1024K)
 Metaspace       used 71926K, committed 72704K, reserved 491520K
  class space    used 10061K, committed 10432K, reserved 425984K
}
Event: 16.746 GC heap before
{Heap before GC invocations=32 (full 0):
 garbage-first heap   total 150528K, used 92447K [0x0000000080000000, 0x0000000100000000)
  region size 1024K, 6 young (6144K), 1 survivors (1024K)
 Metaspace       used 71935K, committed 72704K, reserved 491520K
  class space    used 10062K, committed 10432K, reserved 425984K
}

Dll operation events (15 events):
Event: 0.004 Loaded shared library C:\Program Files\Microsoft\jdk-17.0.10.7-hotspot\bin\java.dll
Event: 0.022 Loaded shared library C:\Program Files\Microsoft\jdk-17.0.10.7-hotspot\bin\jsvml.dll
Event: 0.050 Loaded shared library C:\Program Files\Microsoft\jdk-17.0.10.7-hotspot\bin\zip.dll
Event: 0.051 Loaded shared library C:\Program Files\Microsoft\jdk-17.0.10.7-hotspot\bin\instrument.dll
Event: 0.053 Loaded shared library C:\Program Files\Microsoft\jdk-17.0.10.7-hotspot\bin\net.dll
Event: 0.054 Loaded shared library C:\Program Files\Microsoft\jdk-17.0.10.7-hotspot\bin\nio.dll
Event: 0.055 Loaded shared library C:\Program Files\Microsoft\jdk-17.0.10.7-hotspot\bin\zip.dll
Event: 0.116 Loaded shared library C:\Program Files\Microsoft\jdk-17.0.10.7-hotspot\bin\jimage.dll
Event: 0.151 Loaded shared library C:\Program Files\Microsoft\jdk-17.0.10.7-hotspot\bin\verify.dll
Event: 0.232 Loaded shared library C:\Users\Admin\.gradle\native\68d5fa5c4cc2d200863cafc0d521ce42e7d3e7ee720ec0a83991735586a16f82\windows-amd64\native-platform.dll
Event: 0.235 Loaded shared library C:\Users\Admin\.gradle\native\e376f236ea51e6404a007f0833ffe2c6e607c4080706a723a18a27aeea778392\windows-amd64\native-platform-file-events.dll
Event: 0.525 Loaded shared library C:\Program Files\Microsoft\jdk-17.0.10.7-hotspot\bin\management.dll
Event: 0.526 Loaded shared library C:\Program Files\Microsoft\jdk-17.0.10.7-hotspot\bin\management_ext.dll
Event: 0.634 Loaded shared library C:\Program Files\Microsoft\jdk-17.0.10.7-hotspot\bin\extnet.dll
Event: 0.748 Loaded shared library C:\Program Files\Microsoft\jdk-17.0.10.7-hotspot\bin\sunmscapi.dll

Deoptimization events (20 events):
Event: 16.741 Thread 0x0000029c0020cea0 DEOPT PACKING pc=0x0000029c46311f4a sp=0x000000f3362ee960
Event: 16.741 Thread 0x0000029c0020cea0 DEOPT UNPACKING pc=0x0000029c4d58ace3 sp=0x000000f3362eddd8 mode 0
Event: 16.741 Thread 0x0000029c0020cea0 DEOPT PACKING pc=0x0000029c46311f4a sp=0x000000f3362ee960
Event: 16.741 Thread 0x0000029c0020cea0 DEOPT UNPACKING pc=0x0000029c4d58ace3 sp=0x000000f3362eddd8 mode 0
Event: 16.741 Thread 0x0000029c0020cea0 DEOPT PACKING pc=0x0000029c46311f4a sp=0x000000f3362ee960
Event: 16.741 Thread 0x0000029c0020cea0 DEOPT UNPACKING pc=0x0000029c4d58ace3 sp=0x000000f3362eddd8 mode 0
Event: 16.741 Thread 0x0000029c0020cea0 DEOPT PACKING pc=0x0000029c46311f4a sp=0x000000f3362ee960
Event: 16.741 Thread 0x0000029c0020cea0 DEOPT UNPACKING pc=0x0000029c4d58ace3 sp=0x000000f3362eddd8 mode 0
Event: 16.741 Thread 0x0000029c0020cea0 DEOPT PACKING pc=0x0000029c46311f4a sp=0x000000f3362ee960
Event: 16.741 Thread 0x0000029c0020cea0 DEOPT UNPACKING pc=0x0000029c4d58ace3 sp=0x000000f3362eddd8 mode 0
Event: 16.741 Thread 0x0000029c0020cea0 DEOPT PACKING pc=0x0000029c46311f4a sp=0x000000f3362ee960
Event: 16.741 Thread 0x0000029c0020cea0 DEOPT UNPACKING pc=0x0000029c4d58ace3 sp=0x000000f3362eddd8 mode 0
Event: 16.743 Thread 0x0000029c0020cea0 DEOPT PACKING pc=0x0000029c47000d38 sp=0x000000f3362ee6c0
Event: 16.743 Thread 0x0000029c0020cea0 DEOPT UNPACKING pc=0x0000029c4d58ace3 sp=0x000000f3362edb40 mode 0
Event: 16.743 Thread 0x0000029c0020cea0 DEOPT PACKING pc=0x0000029c47000566 sp=0x000000f3362ee5b0
Event: 16.743 Thread 0x0000029c0020cea0 DEOPT UNPACKING pc=0x0000029c4d58ace3 sp=0x000000f3362eda30 mode 0
Event: 16.744 Thread 0x0000029c0020cea0 DEOPT PACKING pc=0x0000029c47000d38 sp=0x000000f3362ee6c0
Event: 16.744 Thread 0x0000029c0020cea0 DEOPT UNPACKING pc=0x0000029c4d58ace3 sp=0x000000f3362edb40 mode 0
Event: 16.744 Thread 0x0000029c0020cea0 DEOPT PACKING pc=0x0000029c47000566 sp=0x000000f3362ee5b0
Event: 16.744 Thread 0x0000029c0020cea0 DEOPT UNPACKING pc=0x0000029c4d58ace3 sp=0x000000f3362eda30 mode 0

Classes unloaded (0 events):
No events

Classes redefined (0 events):
No events

Internal exceptions (20 events):
Event: 15.551 Thread 0x0000029c00652df0 Implicit null exception at 0x0000029c4dcede5d to 0x0000029c4dcedfb0
Event: 15.556 Thread 0x0000029c00653300 Implicit null exception at 0x0000029c4dcd884b to 0x0000029c4dcd8870
Event: 15.670 Thread 0x0000029c00653810 Exception <a 'java/lang/NoSuchMethodError'{0x0000000087fbde18}: 'java.lang.Object java.lang.invoke.DirectMethodHandle$Holder.newInvokeSpecial(java.lang.Object, java.lang.Object, java.lang.Object, java.lang.Object, int, java.lang.Object)'> (0x0000000087fbde18) 
thrown [s\src\hotspot\share\interpreter\linkResolver.cpp, line 759]
Event: 15.670 Thread 0x0000029c00653810 Exception <a 'java/lang/NoSuchMethodError'{0x0000000087fc2138}: 'java.lang.Object java.lang.invoke.Invokers$Holder.linkToTargetMethod(java.lang.Object, java.lang.Object, java.lang.Object, int, java.lang.Object, java.lang.Object)'> (0x0000000087fc2138) 
thrown [s\src\hotspot\share\interpreter\linkResolver.cpp, line 759]
Event: 15.680 Thread 0x0000029c00653810 Exception <a 'java/lang/NoSuchMethodError'{0x0000000087e3f330}: 'void java.lang.invoke.DirectMethodHandle$Holder.invokeInterface(java.lang.Object, java.lang.Object, java.lang.Object, java.lang.Object)'> (0x0000000087e3f330) 
thrown [s\src\hotspot\share\interpreter\linkResolver.cpp, line 759]
Event: 15.713 Thread 0x0000029c00653810 Exception <a 'java/lang/NoSuchMethodError'{0x0000000087c44148}: 'int java.lang.invoke.DirectMethodHandle$Holder.invokeSpecial(java.lang.Object, java.lang.Object, java.lang.Object, java.lang.Object, java.lang.Object)'> (0x0000000087c44148) 
thrown [s\src\hotspot\share\interpreter\linkResolver.cpp, line 759]
Event: 15.803 Thread 0x0000029c0064dcf0 Exception <a 'sun/nio/fs/WindowsException'{0x0000000088080ec8}> (0x0000000088080ec8) 
thrown [s\src\hotspot\share\prims\jni.cpp, line 516]
Event: 15.803 Thread 0x0000029c0064dcf0 Exception <a 'sun/nio/fs/WindowsException'{0x00000000880835c8}> (0x00000000880835c8) 
thrown [s\src\hotspot\share\prims\jni.cpp, line 516]
Event: 15.803 Thread 0x0000029c0064dcf0 Exception <a 'sun/nio/fs/WindowsException'{0x00000000880859b8}> (0x00000000880859b8) 
thrown [s\src\hotspot\share\prims\jni.cpp, line 516]
Event: 15.803 Thread 0x0000029c0064dcf0 Exception <a 'sun/nio/fs/WindowsException'{0x0000000088087a00}> (0x0000000088087a00) 
thrown [s\src\hotspot\share\prims\jni.cpp, line 516]
Event: 15.821 Thread 0x0000029c00653810 Exception <a 'java/lang/NoSuchMethodError'{0x0000000086a785e0}: 'void java.lang.invoke.DirectMethodHandle$Holder.invokeVirtual(java.lang.Object, java.lang.Object)'> (0x0000000086a785e0) 
thrown [s\src\hotspot\share\interpreter\linkResolver.cpp, line 759]
Event: 16.013 Thread 0x0000029c7ea66bd0 Exception <a 'sun/nio/fs/WindowsException'{0x0000000085d65c68}> (0x0000000085d65c68) 
thrown [s\src\hotspot\share\prims\jni.cpp, line 516]
Event: 16.022 Thread 0x0000029c7ea69e70 Exception <a 'sun/nio/fs/WindowsException'{0x0000000085b0e648}> (0x0000000085b0e648) 
thrown [s\src\hotspot\share\prims\jni.cpp, line 516]
Event: 16.169 Thread 0x0000029c7ea69e70 Exception <a 'sun/nio/fs/WindowsException'{0x00000000882bd410}> (0x00000000882bd410) 
thrown [s\src\hotspot\share\prims\jni.cpp, line 516]
Event: 16.169 Thread 0x0000029c7ea69e70 Exception <a 'sun/nio/fs/WindowsException'{0x00000000882bd668}> (0x00000000882bd668) 
thrown [s\src\hotspot\share\prims\jni.cpp, line 516]
Event: 16.201 Thread 0x0000029c0020cea0 Exception <a 'java/lang/ClassNotFoundException'{0x0000000087eb2b50}: build_6410mxe8defd9edq6st5x1de0BeanInfo> (0x0000000087eb2b50) 
thrown [s\src\hotspot\share\classfile\systemDictionary.cpp, line 256]
Event: 16.201 Thread 0x0000029c0020cea0 Exception <a 'java/lang/ClassNotFoundException'{0x0000000087eb94e8}: build_6410mxe8defd9edq6st5x1de0Customizer> (0x0000000087eb94e8) 
thrown [s\src\hotspot\share\classfile\systemDictionary.cpp, line 256]
Event: 16.241 Thread 0x0000029c0020cea0 Exception <a 'java/lang/ClassNotFoundException'{0x0000000086c00aa0}: build_cgbnw1kklagh6fgn29hlhy10wBeanInfo> (0x0000000086c00aa0) 
thrown [s\src\hotspot\share\classfile\systemDictionary.cpp, line 256]
Event: 16.242 Thread 0x0000029c0020cea0 Exception <a 'java/lang/ClassNotFoundException'{0x0000000086c0be38}: build_cgbnw1kklagh6fgn29hlhy10wCustomizer> (0x0000000086c0be38) 
thrown [s\src\hotspot\share\classfile\systemDictionary.cpp, line 256]
Event: 16.661 Thread 0x0000029c0020cea0 Implicit null exception at 0x0000029c4dcbac8c to 0x0000029c4dcbadc2

VM Operations (20 events):
Event: 16.128 Executing VM operation: HandshakeAllThreads done
Event: 16.345 Executing VM operation: G1CollectForAllocation
Event: 16.348 Executing VM operation: G1CollectForAllocation done
Event: 16.354 Executing VM operation: G1CollectForAllocation
Event: 16.357 Executing VM operation: G1CollectForAllocation done
Event: 16.491 Executing VM operation: G1CollectForAllocation
Event: 16.493 Executing VM operation: G1CollectForAllocation done
Event: 16.535 Executing VM operation: G1PauseRemark
Event: 16.538 Executing VM operation: G1PauseRemark done
Event: 16.557 Executing VM operation: G1PauseCleanup
Event: 16.557 Executing VM operation: G1PauseCleanup done
Event: 16.642 Executing VM operation: HandshakeAllThreads
Event: 16.642 Executing VM operation: HandshakeAllThreads done
Event: 16.701 Executing VM operation: G1CollectForAllocation
Event: 16.703 Executing VM operation: G1CollectForAllocation done
Event: 16.714 Executing VM operation: G1CollectForAllocation
Event: 16.717 Executing VM operation: G1CollectForAllocation done
Event: 16.737 Executing VM operation: HandshakeAllThreads
Event: 16.737 Executing VM operation: HandshakeAllThreads done
Event: 16.746 Executing VM operation: G1TryInitiateConcMark

Events (20 events):
Event: 16.699 loading class sun/security/util/ManifestEntryVerifier$SunProviderHolder
Event: 16.699 loading class sun/security/util/ManifestEntryVerifier$SunProviderHolder done
Event: 16.737 Thread 0x0000029c5d17a5f0 flushing nmethod 0x0000029c4db39d90
Event: 16.737 Thread 0x0000029c5d17a5f0 flushing nmethod 0x0000029c4dbe8410
Event: 16.738 Thread 0x0000029c5d17a5f0 flushing nmethod 0x0000029c4dc65610
Event: 16.738 Thread 0x0000029c5d17a5f0 flushing nmethod 0x0000029c4dc77790
Event: 16.738 Thread 0x0000029c5d17a5f0 flushing nmethod 0x0000029c4dd87710
Event: 16.739 Thread 0x0000029c5d17a5f0 flushing nmethod 0x0000029c460c4d10
Event: 16.739 Thread 0x0000029c5d17a5f0 flushing nmethod 0x0000029c46111090
Event: 16.739 Thread 0x0000029c5d17a5f0 flushing nmethod 0x0000029c46116890
Event: 16.739 Thread 0x0000029c5d17a5f0 flushing nmethod 0x0000029c46136c90
Event: 16.739 Thread 0x0000029c5d17a5f0 flushing nmethod 0x0000029c46137490
Event: 16.739 Thread 0x0000029c5d17a5f0 flushing nmethod 0x0000029c4613c690
Event: 16.740 Thread 0x0000029c5d17a5f0 flushing nmethod 0x0000029c4616be90
Event: 16.740 Thread 0x0000029c5d17a5f0 flushing nmethod 0x0000029c461aa890
Event: 16.740 Thread 0x0000029c5d17a5f0 flushing nmethod 0x0000029c461b7090
Event: 16.740 Thread 0x0000029c5d17a5f0 flushing nmethod 0x0000029c461bca90
Event: 16.741 Thread 0x0000029c5d17a5f0 flushing nmethod 0x0000029c46388990
Event: 16.742 Thread 0x0000029c5d17a5f0 flushing nmethod 0x0000029c465ef210
Event: 16.743 Thread 0x0000029c5d17a5f0 flushing nmethod 0x0000029c466fd690


Dynamic libraries:
0x00007ff7c7ba0000 - 0x00007ff7c7bae000 	C:\Program Files\Microsoft\jdk-17.0.10.7-hotspot\bin\java.exe
0x00007ff8e7830000 - 0x00007ff8e7a28000 	C:\Windows\SYSTEM32\ntdll.dll
0x00007ff8e7380000 - 0x00007ff8e743d000 	C:\Windows\System32\KERNEL32.DLL
0x00007ff8e5180000 - 0x00007ff8e5476000 	C:\Windows\System32\KERNELBASE.dll
0x00007ff8e5480000 - 0x00007ff8e5580000 	C:\Windows\System32\ucrtbase.dll
0x00007ff8d4680000 - 0x00007ff8d4697000 	C:\Program Files\Microsoft\jdk-17.0.10.7-hotspot\bin\jli.dll
0x00007ff8d4660000 - 0x00007ff8d467b000 	C:\Program Files\Microsoft\jdk-17.0.10.7-hotspot\bin\VCRUNTIME140.dll
0x00007ff8e6880000 - 0x00007ff8e6a1e000 	C:\Windows\System32\USER32.dll
0x00007ff8cc5d0000 - 0x00007ff8cc86a000 	C:\Windows\WinSxS\amd64_microsoft.windows.common-controls_6595b64144ccf1df_6.0.19041.3636_none_60b6a03d71f818d5\COMCTL32.dll
0x00007ff8e55d0000 - 0x00007ff8e55f2000 	C:\Windows\System32\win32u.dll
0x00007ff8e6df0000 - 0x00007ff8e6e8e000 	C:\Windows\System32\msvcrt.dll
0x00007ff8e6fd0000 - 0x00007ff8e6ffc000 	C:\Windows\System32\GDI32.dll
0x00007ff8e5770000 - 0x00007ff8e588a000 	C:\Windows\System32\gdi32full.dll
0x00007ff8e5070000 - 0x00007ff8e510d000 	C:\Windows\System32\msvcp_win.dll
0x00007ff8e67a0000 - 0x00007ff8e67d0000 	C:\Windows\System32\IMM32.DLL
0x00007ff8d4650000 - 0x00007ff8d465c000 	C:\Program Files\Microsoft\jdk-17.0.10.7-hotspot\bin\vcruntime140_1.dll
0x00007ff89b710000 - 0x00007ff89b79d000 	C:\Program Files\Microsoft\jdk-17.0.10.7-hotspot\bin\msvcp140.dll
0x00007ff898ba0000 - 0x00007ff899805000 	C:\Program Files\Microsoft\jdk-17.0.10.7-hotspot\bin\server\jvm.dll
0x00007ff8e7660000 - 0x00007ff8e770e000 	C:\Windows\System32\ADVAPI32.dll
0x00007ff8e6700000 - 0x00007ff8e679c000 	C:\Windows\System32\sechost.dll
0x00007ff8e6bb0000 - 0x00007ff8e6cd6000 	C:\Windows\System32\RPCRT4.dll
0x00007ff8dfb50000 - 0x00007ff8dfb59000 	C:\Windows\SYSTEM32\WSOCK32.dll
0x00007ff8e44c0000 - 0x00007ff8e450b000 	C:\Windows\SYSTEM32\POWRPROF.dll
0x00007ff8d96f0000 - 0x00007ff8d9717000 	C:\Windows\SYSTEM32\WINMM.dll
0x00007ff8e75f0000 - 0x00007ff8e765b000 	C:\Windows\System32\WS2_32.dll
0x00007ff8dbf80000 - 0x00007ff8dbf8a000 	C:\Windows\SYSTEM32\VERSION.dll
0x00007ff8e4330000 - 0x00007ff8e4342000 	C:\Windows\SYSTEM32\UMPDC.dll
0x00007ff8e3760000 - 0x00007ff8e3772000 	C:\Windows\SYSTEM32\kernel.appcore.dll
0x00007ff8c9370000 - 0x00007ff8c937a000 	C:\Program Files\Microsoft\jdk-17.0.10.7-hotspot\bin\jimage.dll
0x00007ff8e2b70000 - 0x00007ff8e2d54000 	C:\Windows\SYSTEM32\DBGHELP.DLL
0x00007ff8d53b0000 - 0x00007ff8d53e4000 	C:\Windows\SYSTEM32\dbgcore.DLL
0x00007ff8e56b0000 - 0x00007ff8e5732000 	C:\Windows\System32\bcryptPrimitives.dll
0x00007ff8c83a0000 - 0x00007ff8c83ae000 	C:\Program Files\Microsoft\jdk-17.0.10.7-hotspot\bin\instrument.dll
0x00007ff8beab0000 - 0x00007ff8bead5000 	C:\Program Files\Microsoft\jdk-17.0.10.7-hotspot\bin\java.dll
0x00007ff89b630000 - 0x00007ff89b707000 	C:\Program Files\Microsoft\jdk-17.0.10.7-hotspot\bin\jsvml.dll
0x00007ff8e5a70000 - 0x00007ff8e61b4000 	C:\Windows\System32\SHELL32.dll
0x00007ff8e2fb0000 - 0x00007ff8e374b000 	C:\Windows\SYSTEM32\windows.storage.dll
0x00007ff8e7000000 - 0x00007ff8e7354000 	C:\Windows\System32\combase.dll
0x00007ff8e4950000 - 0x00007ff8e497d000 	C:\Windows\SYSTEM32\Wldp.dll
0x00007ff8e6ce0000 - 0x00007ff8e6d8d000 	C:\Windows\System32\SHCORE.dll
0x00007ff8e7790000 - 0x00007ff8e77e5000 	C:\Windows\System32\shlwapi.dll
0x00007ff8e4e40000 - 0x00007ff8e4e65000 	C:\Windows\SYSTEM32\profapi.dll
0x00007ff8c6c90000 - 0x00007ff8c6ca8000 	C:\Program Files\Microsoft\jdk-17.0.10.7-hotspot\bin\zip.dll
0x00007ff8c4a90000 - 0x00007ff8c4aa9000 	C:\Program Files\Microsoft\jdk-17.0.10.7-hotspot\bin\net.dll
0x00007ff8dce10000 - 0x00007ff8dcf1a000 	C:\Windows\SYSTEM32\WINHTTP.dll
0x00007ff8e46b0000 - 0x00007ff8e471a000 	C:\Windows\system32\mswsock.dll
0x00007ff8bd450000 - 0x00007ff8bd466000 	C:\Program Files\Microsoft\jdk-17.0.10.7-hotspot\bin\nio.dll
0x00007ff8c7f30000 - 0x00007ff8c7f40000 	C:\Program Files\Microsoft\jdk-17.0.10.7-hotspot\bin\verify.dll
0x00007ff8bfec0000 - 0x00007ff8bfee7000 	C:\Users\Admin\.gradle\native\68d5fa5c4cc2d200863cafc0d521ce42e7d3e7ee720ec0a83991735586a16f82\windows-amd64\native-platform.dll
0x00007ff89b4e0000 - 0x00007ff89b624000 	C:\Users\Admin\.gradle\native\e376f236ea51e6404a007f0833ffe2c6e607c4080706a723a18a27aeea778392\windows-amd64\native-platform-file-events.dll
0x00007ff8c6010000 - 0x00007ff8c6019000 	C:\Program Files\Microsoft\jdk-17.0.10.7-hotspot\bin\management.dll
0x00007ff8c0530000 - 0x00007ff8c053b000 	C:\Program Files\Microsoft\jdk-17.0.10.7-hotspot\bin\management_ext.dll
0x00007ff8e5a60000 - 0x00007ff8e5a68000 	C:\Windows\System32\PSAPI.DLL
0x00007ff8e48a0000 - 0x00007ff8e48b8000 	C:\Windows\SYSTEM32\CRYPTSP.dll
0x00007ff8e3f70000 - 0x00007ff8e3fa4000 	C:\Windows\system32\rsaenh.dll
0x00007ff8e5740000 - 0x00007ff8e5767000 	C:\Windows\System32\bcrypt.dll
0x00007ff8e4dc0000 - 0x00007ff8e4dee000 	C:\Windows\SYSTEM32\USERENV.dll
0x00007ff8e48c0000 - 0x00007ff8e48cc000 	C:\Windows\SYSTEM32\CRYPTBASE.dll
0x00007ff8e4350000 - 0x00007ff8e438b000 	C:\Windows\SYSTEM32\IPHLPAPI.DLL
0x00007ff8e5a50000 - 0x00007ff8e5a58000 	C:\Windows\System32\NSI.dll
0x00007ff8d9550000 - 0x00007ff8d9567000 	C:\Windows\SYSTEM32\dhcpcsvc6.DLL
0x00007ff8d97e0000 - 0x00007ff8d97fd000 	C:\Windows\SYSTEM32\dhcpcsvc.DLL
0x00007ff8e4390000 - 0x00007ff8e445a000 	C:\Windows\SYSTEM32\DNSAPI.dll
0x00007ff8be0d0000 - 0x00007ff8be0d9000 	C:\Program Files\Microsoft\jdk-17.0.10.7-hotspot\bin\extnet.dll
0x00007ff8bd440000 - 0x00007ff8bd44e000 	C:\Program Files\Microsoft\jdk-17.0.10.7-hotspot\bin\sunmscapi.dll
0x00007ff8e4f10000 - 0x00007ff8e506d000 	C:\Windows\System32\CRYPT32.dll
0x00007ff8e49c0000 - 0x00007ff8e49e7000 	C:\Windows\SYSTEM32\ncrypt.dll
0x00007ff8e4980000 - 0x00007ff8e49bb000 	C:\Windows\SYSTEM32\NTASN1.dll
0x00007ff8d5740000 - 0x00007ff8d5747000 	C:\Windows\system32\wshunix.dll
0x00007ff8d5e80000 - 0x00007ff8d5e97000 	C:\Windows\system32\napinsp.dll
0x00007ff8d5750000 - 0x00007ff8d576b000 	C:\Windows\system32\pnrpnsp.dll
0x00007ff8dd9a0000 - 0x00007ff8dd9b5000 	C:\Windows\system32\wshbth.dll
0x00007ff8debd0000 - 0x00007ff8debed000 	C:\Windows\system32\NLAapi.dll
0x00007ff8d45e0000 - 0x00007ff8d45f2000 	C:\Windows\System32\winrnr.dll
0x00007ff8d9800000 - 0x00007ff8d980a000 	C:\Windows\System32\rasadhlp.dll
0x00007ff8d7540000 - 0x00007ff8d75c0000 	C:\Windows\System32\fwpuclnt.dll
0x00007ff8e40b0000 - 0x00007ff8e40e3000 	C:\Windows\SYSTEM32\ntmarta.dll

dbghelp: loaded successfully - version: 4.0.5 - missing functions: none
symbol engine: initialized successfully - sym options: 0x614 - pdb path: .;C:\Program Files\Microsoft\jdk-17.0.10.7-hotspot\bin;C:\Windows\SYSTEM32;C:\Windows\WinSxS\amd64_microsoft.windows.common-controls_6595b64144ccf1df_6.0.19041.3636_none_60b6a03d71f818d5;C:\Program Files\Microsoft\jdk-17.0.10.7-hotspot\bin\server;C:\Users\Admin\.gradle\native\68d5fa5c4cc2d200863cafc0d521ce42e7d3e7ee720ec0a83991735586a16f82\windows-amd64;C:\Users\Admin\.gradle\native\e376f236ea51e6404a007f0833ffe2c6e607c4080706a723a18a27aeea778392\windows-amd64

VM Arguments:
jvm_args: -XX:MaxMetaspaceSize=512m --add-opens=java.base/java.util=ALL-UNNAMED --add-opens=java.base/java.lang=ALL-UNNAMED --add-opens=java.base/java.lang.invoke=ALL-UNNAMED --add-opens=java.prefs/java.util.prefs=ALL-UNNAMED --add-opens=java.base/java.nio.charset=ALL-UNNAMED --add-opens=java.base/java.net=ALL-UNNAMED --add-opens=java.base/java.util.concurrent.atomic=ALL-UNNAMED -Xmx2048m -Dfile.encoding=windows-1252 -Duser.country=US -Duser.language=en -Duser.variant -javaagent:C:\Users\Admin\.gradle\wrapper\dists\gradle-8.3-all\6en3ugtfdg5xnpx44z4qbwgas\gradle-8.3\lib\agents\gradle-instrumentation-agent-8.3.jar 
java_command: org.gradle.launcher.daemon.bootstrap.GradleDaemon 8.3
java_class_path (initial): C:\Users\Admin\.gradle\wrapper\dists\gradle-8.3-all\6en3ugtfdg5xnpx44z4qbwgas\gradle-8.3\lib\gradle-launcher-8.3.jar
Launcher Type: SUN_STANDARD

[Global flags]
     intx CICompilerCount                          = 4                                         {product} {ergonomic}
   size_t CompressedClassSpaceSize                 = 436207616                                 {product} {ergonomic}
     uint ConcGCThreads                            = 2                                         {product} {ergonomic}
     uint G1ConcRefinementThreads                  = 8                                         {product} {ergonomic}
   size_t G1HeapRegionSize                         = 1048576                                   {product} {ergonomic}
    uintx GCDrainStackTargetSize                   = 64                                        {product} {ergonomic}
   size_t InitialHeapSize                          = 264241152                                 {product} {ergonomic}
   size_t MarkStackSize                            = 4194304                                   {product} {ergonomic}
   size_t MaxHeapSize                              = 2147483648                                {product} {command line}
   size_t MaxMetaspaceSize                         = 536870912                                 {product} {command line}
   size_t MaxNewSize                               = 1287651328                                {product} {ergonomic}
   size_t MinHeapDeltaBytes                        = 1048576                                   {product} {ergonomic}
   size_t MinHeapSize                              = 8388608                                   {product} {ergonomic}
    uintx NonNMethodCodeHeapSize                   = 5839372                                {pd product} {ergonomic}
    uintx NonProfiledCodeHeapSize                  = 122909434                              {pd product} {ergonomic}
    uintx ProfiledCodeHeapSize                     = 122909434                              {pd product} {ergonomic}
    uintx ReservedCodeCacheSize                    = 251658240                              {pd product} {ergonomic}
     bool SegmentedCodeCache                       = true                                      {product} {ergonomic}
   size_t SoftMaxHeapSize                          = 2147483648                             {manageable} {ergonomic}
     bool UseCompressedClassPointers               = true                           {product lp64_product} {ergonomic}
     bool UseCompressedOops                        = true                           {product lp64_product} {ergonomic}
     bool UseG1GC                                  = true                                      {product} {ergonomic}
     bool UseLargePagesIndividualAllocation        = false                                  {pd product} {ergonomic}

Logging:
Log output configuration:
 #0: stdout all=warning uptime,level,tags
 #1: stderr all=off uptime,level,tags

Environment Variables:
JAVA_HOME=C:\Program Files\Microsoft\jdk-17.0.10.7-hotspot\
CLASSPATH=C:\Users\Admin\Downloads\Sabe-Mobile\android\\gradle\wrapper\gradle-wrapper.jar
PATH=C:\Users\Admin\Downloads\Sabe-Mobile\node_modules\.bin;C:\Users\Admin\Downloads\Sabe-Mobile\node_modules\.bin;C:\Users\Admin\Downloads\node_modules\.bin;C:\Users\Admin\node_modules\.bin;C:\Users\node_modules\.bin;C:\node_modules\.bin;C:\Program Files\nodejs\node_modules\npm\node_modules\@npmcli\run-script\lib\node-gyp-bin;C:\Users\Admin\Downloads\Sabe-Mobile\node_modules\.bin;C:\Users\Admin\Downloads\node_modules\.bin;C:\Users\Admin\node_modules\.bin;C:\Users\node_modules\.bin;C:\node_modules\.bin;C:\Program Files\nodejs\node_modules\npm\node_modules\@npmcli\run-script\lib\node-gyp-bin;C:\Program Files\Microsoft\jdk-17.0.10.7-hotspot\bin;C:\Windows\system32;C:\Windows;C:\Windows\System32\Wbem;C:\Windows\System32\WindowsPowerShell\v1.0\;C:\Windows\System32\OpenSSH\;C:\Program Files\OpenVPN\bin;C:\Program Files\nodejs\;C:\ProgramData\chocolatey\bin;C:\Program Files\Git\cmd;C:\Users\Admin\AppData\Local\Microsoft\WindowsApps;C:\Users\Admin\AppData\Local\Programs\Microsoft VS Code\bin;C:\Users\Admin\AppData\Roaming\npm;C:\Users\Admin\AppData\Local\Android\Sdk\platform-tools;
USERNAME=Admin
LANG=en_US.UTF-8
OS=Windows_NT
PROCESSOR_IDENTIFIER=Intel64 Family 6 Model 140 Stepping 1, GenuineIntel
TMP=C:\Users\Admin\AppData\Local\Temp
TEMP=C:\Users\Admin\AppData\Local\Temp



Periodic native trim disabled


---------------  S Y S T E M  ---------------

OS:
 Windows 10 , 64 bit Build 19041 (10.0.19041.3636)
OS uptime: 3 days 3:37 hours

CPU: total 8 (initial active 8) (4 cores per cpu, 2 threads per core) family 6 model 140 stepping 1 microcode 0x86, cx8, cmov, fxsr, ht, mmx, 3dnowpref, sse, sse2, sse3, ssse3, sse4.1, sse4.2, popcnt, lzcnt, tsc, tscinvbit, avx, avx2, aes, erms, clmul, bmi1, bmi2, adx, avx512f, avx512dq, avx512cd, avx512bw, avx512vl, sha, fma, vzeroupper, avx512_vpopcntdq, avx512_vpclmulqdq, avx512_vaes, avx512_vnni, clflush, clflushopt, clwb, avx512_vbmi2, avx512_vbmi
Processor Information for all 8 processors :
  Max Mhz: 2803, Current Mhz: 2803, Mhz Limit: 2803

Memory: 4k page, system-wide physical 16082M (913M free)
TotalPageFile size 16082M (AvailPageFile size 37M)
current process WorkingSet (physical memory assigned to process): 367M, peak: 372M
current process commit charge ("private bytes"): 417M, peak: 522M

vm_info: OpenJDK 64-Bit Server VM (17.0.10+7-LTS) for windows-amd64 JRE (17.0.10+7-LTS), built on Jan 10 2024 19:47:12 by "MicrosoftCorporation" with MS VC++ 16.10 / 16.11 (VS2019)

END.
